TN:
SF:C:\Users\San\Desktop\MainProject\hellobooks\server\app.js
FN:20,(anonymous_0)
FNF:1
FNH:1
FNDA:1,(anonymous_0)
DA:7,1
DA:10,1
DA:13,1
DA:14,1
DA:17,1
DA:20,1
LF:6
LH:6
BRF:0
BRH:0
end_of_record
TN:
SF:C:\Users\San\Desktop\MainProject\hellobooks\server\controllers\books.js
FN:15,(anonymous_0)
FN:16,(anonymous_1)
FN:22,(anonymous_2)
FN:23,(anonymous_3)
FN:29,(anonymous_4)
FN:31,(anonymous_5)
FN:33,(anonymous_6)
FN:38,(anonymous_7)
FN:42,(anonymous_8)
FNF:9
FNH:8
FNDA:1,(anonymous_0)
FNDA:1,(anonymous_1)
FNDA:2,(anonymous_2)
FNDA:0,(anonymous_3)
FNDA:2,(anonymous_4)
FNDA:1,(anonymous_5)
FNDA:1,(anonymous_6)
FNDA:2,(anonymous_7)
FNDA:1,(anonymous_8)
DA:3,1
DA:8,2
DA:15,1
DA:16,1
DA:20,2
DA:22,2
DA:23,0
DA:28,3
DA:30,2
DA:31,1
DA:33,1
DA:37,3
DA:39,2
DA:40,1
DA:42,1
LF:15
LH:14
BRDA:30,0,0,1
BRDA:30,0,1,1
BRDA:39,1,0,1
BRDA:39,1,1,1
BRF:4
BRH:4
end_of_record
TN:
SF:C:\Users\San\Desktop\MainProject\hellobooks\server\controllers\user.js
FN:17,(anonymous_0)
FN:24,(anonymous_1)
FN:25,(anonymous_2)
FN:30,(anonymous_3)
FN:32,(anonymous_4)
FN:42,(anonymous_5)
FN:45,(anonymous_6)
FN:50,(anonymous_7)
FN:56,(anonymous_8)
FN:57,(anonymous_9)
FN:68,(anonymous_10)
FN:69,(anonymous_11)
FN:80,(anonymous_12)
FN:85,(anonymous_13)
FN:91,(anonymous_14)
FN:92,(anonymous_15)
FN:94,(anonymous_16)
FN:96,(anonymous_17)
FN:106,(anonymous_18)
FN:109,(anonymous_19)
FN:114,(anonymous_20)
FN:115,(anonymous_21)
FNF:22
FNH:11
FNDA:3,(anonymous_0)
FNDA:1,(anonymous_1)
FNDA:1,(anonymous_2)
FNDA:1,(anonymous_3)
FNDA:0,(anonymous_4)
FNDA:4,(anonymous_5)
FNDA:2,(anonymous_6)
FNDA:1,(anonymous_7)
FNDA:1,(anonymous_8)
FNDA:0,(anonymous_9)
FNDA:1,(anonymous_10)
FNDA:0,(anonymous_11)
FNDA:1,(anonymous_12)
FNDA:1,(anonymous_13)
FNDA:0,(anonymous_14)
FNDA:0,(anonymous_15)
FNDA:0,(anonymous_16)
FNDA:0,(anonymous_17)
FNDA:0,(anonymous_18)
FNDA:0,(anonymous_19)
FNDA:0,(anonymous_20)
FNDA:0,(anonymous_21)
DA:4,1
DA:5,1
DA:12,3
DA:18,3
DA:19,2
DA:25,1
DA:26,1
DA:27,1
DA:30,1
DA:32,0
DA:39,5
DA:40,5
DA:41,5
DA:43,4
DA:44,4
DA:45,2
DA:46,2
DA:47,2
DA:50,1
DA:55,1
DA:56,1
DA:57,0
DA:62,1
DA:68,1
DA:69,0
DA:76,1
DA:77,1
DA:79,1
DA:81,1
DA:82,0
DA:84,1
DA:86,1
DA:87,1
DA:89,0
DA:90,0
DA:91,0
DA:92,0
DA:94,0
DA:96,0
DA:102,0
DA:103,0
DA:105,0
DA:107,0
DA:108,0
DA:110,0
DA:111,0
DA:112,0
DA:114,0
DA:115,0
LF:49
LH:29
BRDA:18,0,0,1
BRDA:18,0,1,2
BRDA:26,1,0,0
BRDA:26,1,1,1
BRDA:39,2,0,2
BRDA:39,2,1,3
BRDA:40,3,0,2
BRDA:40,3,1,3
BRDA:44,4,0,2
BRDA:44,4,1,2
BRDA:46,5,0,0
BRDA:46,5,1,2
BRDA:81,6,0,0
BRDA:81,6,1,1
BRDA:86,7,0,1
BRDA:86,7,1,0
BRDA:86,8,0,1
BRDA:86,8,1,1
BRDA:107,9,0,0
BRDA:107,9,1,0
BRF:20
BRH:14
end_of_record
TN:
SF:C:\Users\San\Desktop\MainProject\hellobooks\server\middleware\authorize.js
FN:12,(anonymous_0)
FN:26,(anonymous_1)
FNF:2
FNH:2
FNDA:8,(anonymous_0)
FNDA:7,(anonymous_1)
DA:9,9
DA:10,9
DA:11,9
DA:12,8
DA:13,8
DA:14,7
DA:17,1
DA:23,8
DA:24,8
DA:25,8
DA:26,7
DA:27,7
DA:28,6
DA:31,1
LF:14
LH:14
BRDA:10,0,0,9
BRDA:10,0,1,9
BRDA:10,0,2,1
BRDA:11,1,0,8
BRDA:11,1,1,1
BRDA:13,2,0,1
BRDA:13,2,1,7
BRDA:24,3,0,8
BRDA:24,3,1,8
BRDA:24,3,2,1
BRDA:25,4,0,7
BRDA:25,4,1,1
BRDA:27,5,0,1
BRDA:27,5,1,6
BRF:14
BRH:14
end_of_record
TN:
SF:C:\Users\San\Desktop\MainProject\hellobooks\server\models\bookHistory.js
FN:2,(anonymous_0)
FN:9,(anonymous_1)
FNF:2
FNH:1
FNDA:1,(anonymous_0)
FNDA:0,(anonymous_1)
DA:3,1
DA:14,1
LF:2
LH:2
BRF:0
BRH:0
end_of_record
TN:
SF:C:\Users\San\Desktop\MainProject\hellobooks\server\models\books.js
FN:2,(anonymous_0)
FN:47,(anonymous_1)
FNF:2
FNH:1
FNDA:1,(anonymous_0)
FNDA:0,(anonymous_1)
DA:3,1
DA:52,1
LF:2
LH:2
BRF:0
BRH:0
end_of_record
TN:
SF:C:\Users\San\Desktop\MainProject\hellobooks\server\models\index.js
FN:21,(anonymous_0)
FN:25,(anonymous_1)
FN:30,(anonymous_2)
FNF:3
FNH:3
FNDA:4,(anonymous_0)
FNDA:3,(anonymous_1)
FNDA:3,(anonymous_2)
DA:1,1
DA:2,1
DA:3,1
DA:5,1
DA:6,1
DA:7,1
DA:8,1
DA:11,1
DA:12,0
DA:14,1
DA:19,1
DA:22,4
DA:26,3
DA:27,3
DA:30,1
DA:31,3
DA:32,0
DA:36,1
DA:37,1
LF:19
LH:17
BRDA:6,0,0,1
BRDA:6,0,1,0
BRDA:11,1,0,0
BRDA:11,1,1,1
BRDA:22,2,0,4
BRDA:22,2,1,4
BRDA:22,2,2,3
BRDA:31,3,0,0
BRDA:31,3,1,3
BRF:9
BRH:6
end_of_record
TN:
SF:C:\Users\San\Desktop\MainProject\hellobooks\server\models\user.js
FN:2,(anonymous_0)
FN:41,(anonymous_1)
FNF:2
FNH:1
FNDA:1,(anonymous_0)
FNDA:0,(anonymous_1)
DA:3,1
DA:46,1
LF:2
LH:2
BRF:0
BRH:0
end_of_record
TN:
SF:C:\Users\San\Desktop\MainProject\hellobooks\server\routes\index.js
FN:10,(anonymous_0)
FNF:1
FNH:1
FNDA:1,(anonymous_0)
DA:5,1
DA:6,1
DA:7,1
DA:11,1
DA:12,1
DA:13,1
DA:14,1
DA:15,1
DA:16,1
DA:17,1
DA:18,1
DA:19,1
DA:20,1
LF:13
LH:13
BRF:0
BRH:0
end_of_record
